# JRE version: OpenJDK Runtime Environment Temurin-21.0.9+10 (21.0.9+10) (build 21.0.9+10-LTS)
# Java VM: OpenJDK 64-Bit Server VM Temurin-21.0.9+10 (21.0.9+10-LTS, mixed mode, sharing, tiered, compressed oops, compressed class ptrs, serial gc, linux-amd64)
GC Precious Log:
 CardTable entry size: 512
 CPUs: 1 total, 1 available
 Memory: 4800M
 Large Page Support: Disabled
 NUMA Support: Disabled
 Compressed Oops: Enabled (32-bit)
 Heap Min Capacity: 8M
 Heap Initial Capacity: 76M
 Heap Max Capacity: 1202M
 Pre-touch: Disabled
Heap:
 def new generation   total 23360K, used 13781K [0x00000000b4e00000, 0x00000000b6750000, 0x00000000cdea0000)
  eden space 20800K,  54% used [0x00000000b4e00000, 0x00000000b592be50, 0x00000000b6250000)
  from space 2560K,  91% used [0x00000000b6250000, 0x00000000b6499920, 0x00000000b64d0000)
  to   space 2560K,   0% used [0x00000000b64d0000, 0x00000000b64d0000, 0x00000000b6750000)
 tenured generation   total 51904K, used 5790K [0x00000000cdea0000, 0x00000000d1150000, 0x0000000100000000)
   the space 51904K,  11% used [0x00000000cdea0000, 0x00000000ce447a18, 0x00000000ce447c00, 0x00000000d1150000)
 Metaspace       used 14629K, committed 14848K, reserved 1114112K
  class space    used 1808K, committed 1920K, reserved 1048576K
GC Heap History (4 events):
Event: 0,590 GC heap before
{Heap before GC invocations=0 (full 0):
 def new generation   total 23360K, used 20800K [0x00000000b4e00000, 0x00000000b6750000, 0x00000000cdea0000)
  eden space 20800K, 100% used [0x00000000b4e00000, 0x00000000b6250000, 0x00000000b6250000)
  from space 2560K,   0% used [0x00000000b6250000, 0x00000000b6250000, 0x00000000b64d0000)
  to   space 2560K,   0% used [0x00000000b64d0000, 0x00000000b64d0000, 0x00000000b6750000)
 tenured generation   total 51904K, used 1066K [0x00000000cdea0000, 0x00000000d1150000, 0x0000000100000000)
   the space 51904K,   2% used [0x00000000cdea0000, 0x00000000cdfaaa78, 0x00000000cdfaac00, 0x00000000d1150000)
 Metaspace       used 5301K, committed 5440K, reserved 1114112K
  class space    used 591K, committed 640K, reserved 1048576K
}
Event: 0,595 GC heap after
{Heap after GC invocations=1 (full 0):
 def new generation   total 23360K, used 2168K [0x00000000b4e00000, 0x00000000b6750000, 0x00000000cdea0000)
  eden space 20800K,   0% used [0x00000000b4e00000, 0x00000000b4e00000, 0x00000000b6250000)
  from space 2560K,  84% used [0x00000000b64d0000, 0x00000000b66ee130, 0x00000000b6750000)
  to   space 2560K,   0% used [0x00000000b6250000, 0x00000000b6250000, 0x00000000b64d0000)
 tenured generation   total 51904K, used 3670K [0x00000000cdea0000, 0x00000000d1150000, 0x0000000100000000)
   the space 51904K,   7% used [0x00000000cdea0000, 0x00000000ce235bb0, 0x00000000ce235c00, 0x00000000d1150000)
 Metaspace       used 5301K, committed 5440K, reserved 1114112K
  class space    used 591K, committed 640K, reserved 1048576K
}
Event: 1,450 GC heap before
{Heap before GC invocations=1 (full 0):
 def new generation   total 23360K, used 22968K [0x00000000b4e00000, 0x00000000b6750000, 0x00000000cdea0000)
  eden space 20800K, 100% used [0x00000000b4e00000, 0x00000000b6250000, 0x00000000b6250000)
  from space 2560K,  84% used [0x00000000b64d0000, 0x00000000b66ee130, 0x00000000b6750000)
  to   space 2560K,   0% used [0x00000000b6250000, 0x00000000b6250000, 0x00000000b64d0000)
 tenured generation   total 51904K, used 3670K [0x00000000cdea0000, 0x00000000d1150000, 0x0000000100000000)
   the space 51904K,   7% used [0x00000000cdea0000, 0x00000000ce235bb0, 0x00000000ce235c00, 0x00000000d1150000)
 Metaspace       used 11822K, committed 12096K, reserved 1114112K
  class space    used 1475K, committed 1600K, reserved 1048576K
}
Event: 1,458 GC heap after
{Heap after GC invocations=2 (full 0):
 def new generation   total 23360K, used 2342K [0x00000000b4e00000, 0x00000000b6750000, 0x00000000cdea0000)
  eden space 20800K,   0% used [0x00000000b4e00000, 0x00000000b4e00000, 0x00000000b6250000)
  from space 2560K,  91% used [0x00000000b6250000, 0x00000000b6499920, 0x00000000b64d0000)
  to   space 2560K,   0% used [0x00000000b64d0000, 0x00000000b64d0000, 0x00000000b6750000)
 tenured generation   total 51904K, used 5790K [0x00000000cdea0000, 0x00000000d1150000, 0x0000000100000000)
   the space 51904K,  11% used [0x00000000cdea0000, 0x00000000ce447a18, 0x00000000ce447c00, 0x00000000d1150000)
 Metaspace       used 11822K, committed 12096K, reserved 1114112K
  class space    used 1475K, committed 1600K, reserved 1048576K
}

